c:\users\tom\source\repos\lua53\lua53\x64\release\vc142.pdb
c:\users\tom\source\repos\lua53\lua53\x64\release\lobject.obj
c:\users\tom\source\repos\lua53\lua53\x64\release\loadlib.obj
c:\users\tom\source\repos\lua53\lua53\x64\release\lmem.obj
c:\users\tom\source\repos\lua53\lua53\x64\release\lmathlib.obj
c:\users\tom\source\repos\lua53\lua53\x64\release\llex.obj
c:\users\tom\source\repos\lua53\lua53\x64\release\liolib.obj
c:\users\tom\source\repos\lua53\lua53\x64\release\linit.obj
c:\users\tom\source\repos\lua53\lua53\x64\release\lgc.obj
c:\users\tom\source\repos\lua53\lua53\x64\release\lfunc.obj
c:\users\tom\source\repos\lua53\lua53\x64\release\ldump.obj
c:\users\tom\source\repos\lua53\lua53\x64\release\ldo.obj
c:\users\tom\source\repos\lua53\lua53\x64\release\ldebug.obj
c:\users\tom\source\repos\lua53\lua53\x64\release\ldblib.obj
c:\users\tom\source\repos\lua53\lua53\x64\release\lctype.obj
c:\users\tom\source\repos\lua53\lua53\x64\release\lcorolib.obj
c:\users\tom\source\repos\lua53\lua53\x64\release\lcode.obj
c:\users\tom\source\repos\lua53\lua53\x64\release\lbitlib.obj
c:\users\tom\source\repos\lua53\lua53\x64\release\lbaselib.obj
c:\users\tom\source\repos\lua53\lua53\x64\release\lauxlib.obj
c:\users\tom\source\repos\lua53\lua53\x64\release\lapi.obj
c:\users\tom\source\repos\lua53\lua53\x64\release\lzio.obj
c:\users\tom\source\repos\lua53\lua53\x64\release\lvm.obj
c:\users\tom\source\repos\lua53\lua53\x64\release\lutf8lib.obj
c:\users\tom\source\repos\lua53\lua53\x64\release\lundump.obj
c:\users\tom\source\repos\lua53\lua53\x64\release\luac.obj
c:\users\tom\source\repos\lua53\lua53\x64\release\lua.obj
c:\users\tom\source\repos\lua53\lua53\x64\release\ltm.obj
c:\users\tom\source\repos\lua53\lua53\x64\release\ltablib.obj
c:\users\tom\source\repos\lua53\lua53\x64\release\ltable.obj
c:\users\tom\source\repos\lua53\lua53\x64\release\lstrlib.obj
c:\users\tom\source\repos\lua53\lua53\x64\release\lstring.obj
c:\users\tom\source\repos\lua53\lua53\x64\release\lstate.obj
c:\users\tom\source\repos\lua53\lua53\x64\release\lparser.obj
c:\users\tom\source\repos\lua53\lua53\x64\release\loslib.obj
c:\users\tom\source\repos\lua53\lua53\x64\release\lopcodes.obj
c:\users\tom\source\repos\lua53\lua53\x64\release\lua53.tlog\cl.command.1.tlog
c:\users\tom\source\repos\lua53\lua53\x64\release\lua53.tlog\cl.read.1.tlog
c:\users\tom\source\repos\lua53\lua53\x64\release\lua53.tlog\cl.write.1.tlog
c:\users\tom\source\repos\lua53\lua53\x64\release\lua53.tlog\link.command.1.tlog
c:\users\tom\source\repos\lua53\lua53\x64\release\lua53.tlog\link.read.1.tlog
c:\users\tom\source\repos\lua53\lua53\x64\release\lua53.tlog\link.write.1.tlog
