c:\users\tom\source\repos\luac\luac\debug\vc142.pdb
c:\users\tom\source\repos\luac\luac\debug\vc142.idb
c:\users\tom\source\repos\luac\luac\debug\main.obj
c:\users\tom\source\repos\luac\luac\debug\source.obj
c:\users\tom\source\repos\luac\debug\greenlua.lib
c:\users\tom\source\repos\luac\debug\greenlua.exp
c:\users\tom\source\repos\luac\debug\greenlua.ilk
c:\users\tom\source\repos\luac\debug\greenlua.dll
c:\users\tom\source\repos\luac\debug\greenlua.pdb
c:\users\tom\source\repos\luac\luac\debug\lapi.obj
c:\users\tom\source\repos\luac\luac\debug\lauxlib.obj
c:\users\tom\source\repos\luac\luac\debug\lbaselib.obj
c:\users\tom\source\repos\luac\luac\debug\lcode.obj
c:\users\tom\source\repos\luac\luac\debug\lcorolib.obj
c:\users\tom\source\repos\luac\luac\debug\lctype.obj
c:\users\tom\source\repos\luac\luac\debug\ldblib.obj
c:\users\tom\source\repos\luac\luac\debug\ldebug.obj
c:\users\tom\source\repos\luac\luac\debug\ldo.obj
c:\users\tom\source\repos\luac\luac\debug\ldump.obj
c:\users\tom\source\repos\luac\luac\debug\lfunc.obj
c:\users\tom\source\repos\luac\luac\debug\lgc.obj
c:\users\tom\source\repos\luac\luac\debug\linit.obj
c:\users\tom\source\repos\luac\luac\debug\liolib.obj
c:\users\tom\source\repos\luac\luac\debug\llex.obj
c:\users\tom\source\repos\luac\luac\debug\lmathlib.obj
c:\users\tom\source\repos\luac\luac\debug\lmem.obj
c:\users\tom\source\repos\luac\luac\debug\loadlib.obj
c:\users\tom\source\repos\luac\luac\debug\lobject.obj
c:\users\tom\source\repos\luac\luac\debug\lopcodes.obj
c:\users\tom\source\repos\luac\luac\debug\loslib.obj
c:\users\tom\source\repos\luac\luac\debug\lparser.obj
c:\users\tom\source\repos\luac\luac\debug\lstate.obj
c:\users\tom\source\repos\luac\luac\debug\lstring.obj
c:\users\tom\source\repos\luac\luac\debug\lstrlib.obj
c:\users\tom\source\repos\luac\luac\debug\ltable.obj
c:\users\tom\source\repos\luac\luac\debug\ltablib.obj
c:\users\tom\source\repos\luac\luac\debug\ltm.obj
c:\users\tom\source\repos\luac\luac\debug\lua.obj
c:\users\tom\source\repos\luac\luac\debug\luac.obj
c:\users\tom\source\repos\luac\luac\debug\lundump.obj
c:\users\tom\source\repos\luac\luac\debug\lutf8lib.obj
c:\users\tom\source\repos\luac\luac\debug\lvm.obj
c:\users\tom\source\repos\luac\luac\debug\lzio.obj
c:\users\tom\source\repos\luac\luac\debug\greenlua.tlog\cl.command.1.tlog
c:\users\tom\source\repos\luac\luac\debug\greenlua.tlog\cl.read.1.tlog
c:\users\tom\source\repos\luac\luac\debug\greenlua.tlog\cl.write.1.tlog
c:\users\tom\source\repos\luac\luac\debug\greenlua.tlog\greenlua.write.1u.tlog
c:\users\tom\source\repos\luac\luac\debug\greenlua.tlog\link.command.1.tlog
c:\users\tom\source\repos\luac\luac\debug\greenlua.tlog\link.read.1.tlog
c:\users\tom\source\repos\luac\luac\debug\greenlua.tlog\link.write.1.tlog
